mode: atomic
github.com/seldonio/seldon-core/operator/apis/machinelearning.seldon.io/v1/groupversion_info.go:41.56,43.3 1 0
github.com/seldonio/seldon-core/operator/apis/machinelearning.seldon.io/v1/prepack.go:36.96,37.28 1 17
github.com/seldonio/seldon-core/operator/apis/machinelearning.seldon.io/v1/prepack.go:40.2,42.24 2 17
github.com/seldonio/seldon-core/operator/apis/machinelearning.seldon.io/v1/prepack.go:46.2,46.43 1 15
github.com/seldonio/seldon-core/operator/apis/machinelearning.seldon.io/v1/prepack.go:50.2,50.35 1 2
github.com/seldonio/seldon-core/operator/apis/machinelearning.seldon.io/v1/prepack.go:37.28,39.3 1 8
github.com/seldonio/seldon-core/operator/apis/machinelearning.seldon.io/v1/prepack.go:42.24,44.3 1 2
github.com/seldonio/seldon-core/operator/apis/machinelearning.seldon.io/v1/prepack.go:46.43,48.3 1 13
github.com/seldonio/seldon-core/operator/apis/machinelearning.seldon.io/v1/prepack.go:53.93,54.41 1 17
github.com/seldonio/seldon-core/operator/apis/machinelearning.seldon.io/v1/prepack.go:54.41,56.3 1 15
github.com/seldonio/seldon-core/operator/apis/machinelearning.seldon.io/v1/prepack.go:56.8,58.3 1 2
github.com/seldonio/seldon-core/operator/apis/machinelearning.seldon.io/v1/prepack.go:77.13,78.40 1 1
github.com/seldonio/seldon-core/operator/apis/machinelearning.seldon.io/v1/prepack.go:87.2,87.40 1 1
github.com/seldonio/seldon-core/operator/apis/machinelearning.seldon.io/v1/prepack.go:96.2,96.39 1 1
github.com/seldonio/seldon-core/operator/apis/machinelearning.seldon.io/v1/prepack.go:105.2,105.41 1 1
github.com/seldonio/seldon-core/operator/apis/machinelearning.seldon.io/v1/prepack.go:78.40,86.3 1 0
github.com/seldonio/seldon-core/operator/apis/machinelearning.seldon.io/v1/prepack.go:87.40,95.3 1 0
github.com/seldonio/seldon-core/operator/apis/machinelearning.seldon.io/v1/prepack.go:96.39,104.3 1 0
github.com/seldonio/seldon-core/operator/apis/machinelearning.seldon.io/v1/prepack.go:105.41,116.3 1 0
github.com/seldonio/seldon-core/operator/apis/machinelearning.seldon.io/v1/prepack.go:119.41,122.2 2 66
github.com/seldonio/seldon-core/operator/apis/machinelearning.seldon.io/v1/prepack.go:124.76,129.16 3 19
github.com/seldonio/seldon-core/operator/apis/machinelearning.seldon.io/v1/prepack.go:134.2,134.52 1 18
github.com/seldonio/seldon-core/operator/apis/machinelearning.seldon.io/v1/prepack.go:129.16,133.3 3 1
github.com/seldonio/seldon-core/operator/apis/machinelearning.seldon.io/v1/prepack.go:137.110,139.80 2 18
github.com/seldonio/seldon-core/operator/apis/machinelearning.seldon.io/v1/prepack.go:146.2,146.35 1 18
github.com/seldonio/seldon-core/operator/apis/machinelearning.seldon.io/v1/prepack.go:139.80,141.17 2 18
github.com/seldonio/seldon-core/operator/apis/machinelearning.seldon.io/v1/prepack.go:141.17,142.109 1 0
github.com/seldonio/seldon-core/operator/apis/machinelearning.seldon.io/v1/prepack.go:149.130,151.46 1 13
github.com/seldonio/seldon-core/operator/apis/machinelearning.seldon.io/v1/prepack.go:155.2,156.16 2 12
github.com/seldonio/seldon-core/operator/apis/machinelearning.seldon.io/v1/prepack.go:160.2,161.9 2 11
github.com/seldonio/seldon-core/operator/apis/machinelearning.seldon.io/v1/prepack.go:165.2,165.22 1 11
github.com/seldonio/seldon-core/operator/apis/machinelearning.seldon.io/v1/prepack.go:151.46,153.3 1 1
github.com/seldonio/seldon-core/operator/apis/machinelearning.seldon.io/v1/prepack.go:156.16,159.3 2 1
github.com/seldonio/seldon-core/operator/apis/machinelearning.seldon.io/v1/prepack.go:161.9,164.3 2 0
github.com/seldonio/seldon-core/operator/apis/machinelearning.seldon.io/v1/prepack.go:168.71,170.2 1 11
github.com/seldonio/seldon-core/operator/apis/machinelearning.seldon.io/v1/seldondeployment_types.go:79.31,83.2 3 1
github.com/seldonio/seldon-core/operator/apis/machinelearning.seldon.io/v1/seldondeployment_types.go:85.62,87.20 2 0
github.com/seldonio/seldon-core/operator/apis/machinelearning.seldon.io/v1/seldondeployment_types.go:87.20,89.3 1 0
github.com/seldonio/seldon-core/operator/apis/machinelearning.seldon.io/v1/seldondeployment_types.go:89.8,91.3 1 0
github.com/seldonio/seldon-core/operator/apis/machinelearning.seldon.io/v1/seldondeployment_types.go:94.87,96.20 2 0
github.com/seldonio/seldon-core/operator/apis/machinelearning.seldon.io/v1/seldondeployment_types.go:96.20,98.3 1 0
github.com/seldonio/seldon-core/operator/apis/machinelearning.seldon.io/v1/seldondeployment_types.go:98.8,100.3 1 0
github.com/seldonio/seldon-core/operator/apis/machinelearning.seldon.io/v1/seldondeployment_types.go:103.58,105.31 2 2
github.com/seldonio/seldon-core/operator/apis/machinelearning.seldon.io/v1/seldondeployment_types.go:111.2,111.13 1 2
github.com/seldonio/seldon-core/operator/apis/machinelearning.seldon.io/v1/seldondeployment_types.go:105.31,106.12 1 2
github.com/seldonio/seldon-core/operator/apis/machinelearning.seldon.io/v1/seldondeployment_types.go:109.3,109.23 1 2
github.com/seldonio/seldon-core/operator/apis/machinelearning.seldon.io/v1/seldondeployment_types.go:106.12,108.4 1 0
github.com/seldonio/seldon-core/operator/apis/machinelearning.seldon.io/v1/seldondeployment_types.go:114.125,117.55 3 2
github.com/seldonio/seldon-core/operator/apis/machinelearning.seldon.io/v1/seldondeployment_types.go:122.2,122.20 1 2
github.com/seldonio/seldon-core/operator/apis/machinelearning.seldon.io/v1/seldondeployment_types.go:117.55,119.3 1 0
github.com/seldonio/seldon-core/operator/apis/machinelearning.seldon.io/v1/seldondeployment_types.go:119.8,121.3 1 2
github.com/seldonio/seldon-core/operator/apis/machinelearning.seldon.io/v1/seldondeployment_types.go:122.20,124.3 1 1
github.com/seldonio/seldon-core/operator/apis/machinelearning.seldon.io/v1/seldondeployment_types.go:124.8,126.3 1 1
github.com/seldonio/seldon-core/operator/apis/machinelearning.seldon.io/v1/seldondeployment_types.go:129.83,131.27 2 0
github.com/seldonio/seldon-core/operator/apis/machinelearning.seldon.io/v1/seldondeployment_types.go:131.27,133.3 1 0
github.com/seldonio/seldon-core/operator/apis/machinelearning.seldon.io/v1/seldondeployment_types.go:133.8,135.3 1 0
github.com/seldonio/seldon-core/operator/apis/machinelearning.seldon.io/v1/seldondeployment_types.go:138.72,139.91 1 0
github.com/seldonio/seldon-core/operator/apis/machinelearning.seldon.io/v1/seldondeployment_types.go:139.91,141.3 1 0
github.com/seldonio/seldon-core/operator/apis/machinelearning.seldon.io/v1/seldondeployment_types.go:141.8,143.3 1 0
github.com/seldonio/seldon-core/operator/apis/machinelearning.seldon.io/v1/seldondeployment_types.go:146.85,148.21 2 0
github.com/seldonio/seldon-core/operator/apis/machinelearning.seldon.io/v1/seldondeployment_types.go:148.21,150.3 1 0
github.com/seldonio/seldon-core/operator/apis/machinelearning.seldon.io/v1/seldondeployment_types.go:150.8,152.3 1 0
github.com/seldonio/seldon-core/operator/apis/machinelearning.seldon.io/v1/seldondeployment_types.go:155.73,156.21 1 50
github.com/seldonio/seldon-core/operator/apis/machinelearning.seldon.io/v1/seldondeployment_types.go:156.21,158.3 1 39
github.com/seldonio/seldon-core/operator/apis/machinelearning.seldon.io/v1/seldondeployment_types.go:158.8,159.41 1 11
github.com/seldonio/seldon-core/operator/apis/machinelearning.seldon.io/v1/seldondeployment_types.go:165.3,165.13 1 2
github.com/seldonio/seldon-core/operator/apis/machinelearning.seldon.io/v1/seldondeployment_types.go:159.41,161.20 2 10
github.com/seldonio/seldon-core/operator/apis/machinelearning.seldon.io/v1/seldondeployment_types.go:161.20,163.5 1 9
github.com/seldonio/seldon-core/operator/apis/machinelearning.seldon.io/v1/seldondeployment_types.go:170.66,171.66 1 0
github.com/seldonio/seldon-core/operator/apis/machinelearning.seldon.io/v1/seldondeployment_types.go:171.66,173.3 1 0
github.com/seldonio/seldon-core/operator/apis/machinelearning.seldon.io/v1/seldondeployment_types.go:173.8,174.41 1 0
github.com/seldonio/seldon-core/operator/apis/machinelearning.seldon.io/v1/seldondeployment_types.go:180.3,180.13 1 0
github.com/seldonio/seldon-core/operator/apis/machinelearning.seldon.io/v1/seldondeployment_types.go:174.41,176.20 2 0
github.com/seldonio/seldon-core/operator/apis/machinelearning.seldon.io/v1/seldondeployment_types.go:176.20,178.5 1 0
github.com/seldonio/seldon-core/operator/apis/machinelearning.seldon.io/v1/seldondeployment_types.go:184.72,187.39 2 41
github.com/seldonio/seldon-core/operator/apis/machinelearning.seldon.io/v1/seldondeployment_types.go:191.2,191.13 1 41
github.com/seldonio/seldon-core/operator/apis/machinelearning.seldon.io/v1/seldondeployment_types.go:187.39,190.3 2 7
github.com/seldonio/seldon-core/operator/apis/machinelearning.seldon.io/v1/seldondeployment_types.go:194.101,196.23 2 3
github.com/seldonio/seldon-core/operator/apis/machinelearning.seldon.io/v1/seldondeployment_types.go:196.23,198.3 1 0
github.com/seldonio/seldon-core/operator/apis/machinelearning.seldon.io/v1/seldondeployment_types.go:198.8,200.3 1 3
github.com/seldonio/seldon-core/operator/apis/machinelearning.seldon.io/v1/seldondeployment_types.go:501.13,503.2 1 1
github.com/seldonio/seldon-core/operator/apis/machinelearning.seldon.io/v1/seldondeployment_webhook.go:48.42,49.40 1 2
github.com/seldonio/seldon-core/operator/apis/machinelearning.seldon.io/v1/seldondeployment_webhook.go:52.2,52.17 1 2
github.com/seldonio/seldon-core/operator/apis/machinelearning.seldon.io/v1/seldondeployment_webhook.go:49.40,51.3 1 0
github.com/seldonio/seldon-core/operator/apis/machinelearning.seldon.io/v1/seldondeployment_webhook.go:55.76,60.2 2 0
github.com/seldonio/seldon-core/operator/apis/machinelearning.seldon.io/v1/seldondeployment_webhook.go:64.85,65.45 1 41
github.com/seldonio/seldon-core/operator/apis/machinelearning.seldon.io/v1/seldondeployment_webhook.go:74.2,74.12 1 16
github.com/seldonio/seldon-core/operator/apis/machinelearning.seldon.io/v1/seldondeployment_webhook.go:65.45,67.51 2 28
github.com/seldonio/seldon-core/operator/apis/machinelearning.seldon.io/v1/seldondeployment_webhook.go:67.51,69.22 2 30
github.com/seldonio/seldon-core/operator/apis/machinelearning.seldon.io/v1/seldondeployment_webhook.go:69.22,71.5 1 25
github.com/seldonio/seldon-core/operator/apis/machinelearning.seldon.io/v1/seldondeployment_webhook.go:77.79,78.34 1 135
github.com/seldonio/seldon-core/operator/apis/machinelearning.seldon.io/v1/seldondeployment_webhook.go:83.2,83.12 1 117
github.com/seldonio/seldon-core/operator/apis/machinelearning.seldon.io/v1/seldondeployment_webhook.go:78.34,79.28 1 26
github.com/seldonio/seldon-core/operator/apis/machinelearning.seldon.io/v1/seldondeployment_webhook.go:79.28,81.4 1 18
github.com/seldonio/seldon-core/operator/apis/machinelearning.seldon.io/v1/seldondeployment_webhook.go:88.45,89.69 1 41
github.com/seldonio/seldon-core/operator/apis/machinelearning.seldon.io/v1/seldondeployment_webhook.go:93.2,93.30 1 41
github.com/seldonio/seldon-core/operator/apis/machinelearning.seldon.io/v1/seldondeployment_webhook.go:100.2,100.40 1 41
github.com/seldonio/seldon-core/operator/apis/machinelearning.seldon.io/v1/seldondeployment_webhook.go:89.69,92.3 2 20
github.com/seldonio/seldon-core/operator/apis/machinelearning.seldon.io/v1/seldondeployment_webhook.go:93.30,96.3 2 24
github.com/seldonio/seldon-core/operator/apis/machinelearning.seldon.io/v1/seldondeployment_webhook.go:96.8,96.26 1 17
github.com/seldonio/seldon-core/operator/apis/machinelearning.seldon.io/v1/seldondeployment_webhook.go:96.26,99.3 2 16
github.com/seldonio/seldon-core/operator/apis/machinelearning.seldon.io/v1/seldondeployment_webhook.go:100.40,102.3 1 7
github.com/seldonio/seldon-core/operator/apis/machinelearning.seldon.io/v1/seldondeployment_webhook.go:105.91,106.43 1 82
github.com/seldonio/seldon-core/operator/apis/machinelearning.seldon.io/v1/seldondeployment_webhook.go:110.2,110.22 1 82
github.com/seldonio/seldon-core/operator/apis/machinelearning.seldon.io/v1/seldondeployment_webhook.go:106.43,109.3 2 70
github.com/seldonio/seldon-core/operator/apis/machinelearning.seldon.io/v1/seldondeployment_webhook.go:113.83,115.31 2 40
github.com/seldonio/seldon-core/operator/apis/machinelearning.seldon.io/v1/seldondeployment_webhook.go:115.31,122.3 2 37
github.com/seldonio/seldon-core/operator/apis/machinelearning.seldon.io/v1/seldondeployment_webhook.go:127.63,129.24 1 40
github.com/seldonio/seldon-core/operator/apis/machinelearning.seldon.io/v1/seldondeployment_webhook.go:133.2,134.29 2 40
github.com/seldonio/seldon-core/operator/apis/machinelearning.seldon.io/v1/seldondeployment_webhook.go:138.2,139.29 2 40
github.com/seldonio/seldon-core/operator/apis/machinelearning.seldon.io/v1/seldondeployment_webhook.go:143.2,144.39 2 40
github.com/seldonio/seldon-core/operator/apis/machinelearning.seldon.io/v1/seldondeployment_webhook.go:151.2,152.41 2 40
github.com/seldonio/seldon-core/operator/apis/machinelearning.seldon.io/v1/seldondeployment_webhook.go:158.2,158.22 1 40
github.com/seldonio/seldon-core/operator/apis/machinelearning.seldon.io/v1/seldondeployment_webhook.go:164.2,164.15 1 40
github.com/seldonio/seldon-core/operator/apis/machinelearning.seldon.io/v1/seldondeployment_webhook.go:172.2,176.117 2 40
github.com/seldonio/seldon-core/operator/apis/machinelearning.seldon.io/v1/seldondeployment_webhook.go:187.2,187.62 1 40
github.com/seldonio/seldon-core/operator/apis/machinelearning.seldon.io/v1/seldondeployment_webhook.go:193.2,194.36 2 40
github.com/seldonio/seldon-core/operator/apis/machinelearning.seldon.io/v1/seldondeployment_webhook.go:129.24,131.3 1 34
github.com/seldonio/seldon-core/operator/apis/machinelearning.seldon.io/v1/seldondeployment_webhook.go:134.29,136.3 1 1
github.com/seldonio/seldon-core/operator/apis/machinelearning.seldon.io/v1/seldondeployment_webhook.go:139.29,141.3 1 0
github.com/seldonio/seldon-core/operator/apis/machinelearning.seldon.io/v1/seldondeployment_webhook.go:144.39,145.38 1 16
github.com/seldonio/seldon-core/operator/apis/machinelearning.seldon.io/v1/seldondeployment_webhook.go:145.38,147.4 1 16
github.com/seldonio/seldon-core/operator/apis/machinelearning.seldon.io/v1/seldondeployment_webhook.go:152.41,153.42 1 16
github.com/seldonio/seldon-core/operator/apis/machinelearning.seldon.io/v1/seldondeployment_webhook.go:153.42,156.4 2 0
github.com/seldonio/seldon-core/operator/apis/machinelearning.seldon.io/v1/seldondeployment_webhook.go:158.22,162.3 3 0
github.com/seldonio/seldon-core/operator/apis/machinelearning.seldon.io/v1/seldondeployment_webhook.go:164.15,169.3 1 24
github.com/seldonio/seldon-core/operator/apis/machinelearning.seldon.io/v1/seldondeployment_webhook.go:176.117,178.3 1 38
github.com/seldonio/seldon-core/operator/apis/machinelearning.seldon.io/v1/seldondeployment_webhook.go:178.8,181.3 2 2
github.com/seldonio/seldon-core/operator/apis/machinelearning.seldon.io/v1/seldondeployment_webhook.go:187.62,189.3 1 10
github.com/seldonio/seldon-core/operator/apis/machinelearning.seldon.io/v1/seldondeployment_webhook.go:189.8,191.3 1 30
github.com/seldonio/seldon-core/operator/apis/machinelearning.seldon.io/v1/seldondeployment_webhook.go:198.92,202.44 2 31
github.com/seldonio/seldon-core/operator/apis/machinelearning.seldon.io/v1/seldondeployment_webhook.go:210.2,213.44 3 31
github.com/seldonio/seldon-core/operator/apis/machinelearning.seldon.io/v1/seldondeployment_webhook.go:221.2,224.47 3 31
github.com/seldonio/seldon-core/operator/apis/machinelearning.seldon.io/v1/seldondeployment_webhook.go:232.2,236.41 4 31
github.com/seldonio/seldon-core/operator/apis/machinelearning.seldon.io/v1/seldondeployment_webhook.go:202.44,204.17 2 0
github.com/seldonio/seldon-core/operator/apis/machinelearning.seldon.io/v1/seldondeployment_webhook.go:204.17,206.4 1 0
github.com/seldonio/seldon-core/operator/apis/machinelearning.seldon.io/v1/seldondeployment_webhook.go:206.9,208.4 1 0
github.com/seldonio/seldon-core/operator/apis/machinelearning.seldon.io/v1/seldondeployment_webhook.go:213.44,215.17 2 0
github.com/seldonio/seldon-core/operator/apis/machinelearning.seldon.io/v1/seldondeployment_webhook.go:215.17,217.4 1 0
github.com/seldonio/seldon-core/operator/apis/machinelearning.seldon.io/v1/seldondeployment_webhook.go:217.9,219.4 1 0
github.com/seldonio/seldon-core/operator/apis/machinelearning.seldon.io/v1/seldondeployment_webhook.go:224.47,226.17 2 0
github.com/seldonio/seldon-core/operator/apis/machinelearning.seldon.io/v1/seldondeployment_webhook.go:226.17,228.4 1 0
github.com/seldonio/seldon-core/operator/apis/machinelearning.seldon.io/v1/seldondeployment_webhook.go:228.9,230.4 1 0
github.com/seldonio/seldon-core/operator/apis/machinelearning.seldon.io/v1/seldondeployment_webhook.go:236.41,240.22 2 34
github.com/seldonio/seldon-core/operator/apis/machinelearning.seldon.io/v1/seldondeployment_webhook.go:243.3,243.50 1 34
github.com/seldonio/seldon-core/operator/apis/machinelearning.seldon.io/v1/seldondeployment_webhook.go:247.3,249.46 2 34
github.com/seldonio/seldon-core/operator/apis/machinelearning.seldon.io/v1/seldondeployment_webhook.go:270.3,273.33 2 34
github.com/seldonio/seldon-core/operator/apis/machinelearning.seldon.io/v1/seldondeployment_webhook.go:330.3,330.22 1 34
github.com/seldonio/seldon-core/operator/apis/machinelearning.seldon.io/v1/seldondeployment_webhook.go:240.22,242.4 1 34
github.com/seldonio/seldon-core/operator/apis/machinelearning.seldon.io/v1/seldondeployment_webhook.go:243.50,245.4 1 34
github.com/seldonio/seldon-core/operator/apis/machinelearning.seldon.io/v1/seldondeployment_webhook.go:249.46,253.52 2 22
github.com/seldonio/seldon-core/operator/apis/machinelearning.seldon.io/v1/seldondeployment_webhook.go:253.52,264.18 7 25
github.com/seldonio/seldon-core/operator/apis/machinelearning.seldon.io/v1/seldondeployment_webhook.go:264.18,266.6 1 24
github.com/seldonio/seldon-core/operator/apis/machinelearning.seldon.io/v1/seldondeployment_webhook.go:273.33,276.21 2 41
github.com/seldonio/seldon-core/operator/apis/machinelearning.seldon.io/v1/seldondeployment_webhook.go:276.21,281.18 3 16
github.com/seldonio/seldon-core/operator/apis/machinelearning.seldon.io/v1/seldondeployment_webhook.go:293.5,301.41 6 16
github.com/seldonio/seldon-core/operator/apis/machinelearning.seldon.io/v1/seldondeployment_webhook.go:311.5,311.18 1 16
github.com/seldonio/seldon-core/operator/apis/machinelearning.seldon.io/v1/seldondeployment_webhook.go:281.18,291.6 1 14
github.com/seldonio/seldon-core/operator/apis/machinelearning.seldon.io/v1/seldondeployment_webhook.go:301.41,303.29 2 11
github.com/seldonio/seldon-core/operator/apis/machinelearning.seldon.io/v1/seldondeployment_webhook.go:303.29,304.26 1 10
github.com/seldonio/seldon-core/operator/apis/machinelearning.seldon.io/v1/seldondeployment_webhook.go:304.26,306.8 1 9
github.com/seldonio/seldon-core/operator/apis/machinelearning.seldon.io/v1/seldondeployment_webhook.go:311.18,312.35 1 14
github.com/seldonio/seldon-core/operator/apis/machinelearning.seldon.io/v1/seldondeployment_webhook.go:312.35,314.7 1 1
github.com/seldonio/seldon-core/operator/apis/machinelearning.seldon.io/v1/seldondeployment_webhook.go:314.12,325.7 3 13
github.com/seldonio/seldon-core/operator/apis/machinelearning.seldon.io/v1/seldondeployment_webhook.go:337.153,338.50 1 26
github.com/seldonio/seldon-core/operator/apis/machinelearning.seldon.io/v1/seldondeployment_webhook.go:374.2,374.22 1 26
github.com/seldonio/seldon-core/operator/apis/machinelearning.seldon.io/v1/seldondeployment_webhook.go:380.2,380.40 1 26
github.com/seldonio/seldon-core/operator/apis/machinelearning.seldon.io/v1/seldondeployment_webhook.go:384.2,384.16 1 26
github.com/seldonio/seldon-core/operator/apis/machinelearning.seldon.io/v1/seldondeployment_webhook.go:338.50,340.55 1 18
github.com/seldonio/seldon-core/operator/apis/machinelearning.seldon.io/v1/seldondeployment_webhook.go:344.3,344.79 1 18
github.com/seldonio/seldon-core/operator/apis/machinelearning.seldon.io/v1/seldondeployment_webhook.go:340.55,342.4 1 2
github.com/seldonio/seldon-core/operator/apis/machinelearning.seldon.io/v1/seldondeployment_webhook.go:344.79,346.4 1 0
github.com/seldonio/seldon-core/operator/apis/machinelearning.seldon.io/v1/seldondeployment_webhook.go:348.8,348.26 1 8
github.com/seldonio/seldon-core/operator/apis/machinelearning.seldon.io/v1/seldondeployment_webhook.go:348.26,349.24 1 7
github.com/seldonio/seldon-core/operator/apis/machinelearning.seldon.io/v1/seldondeployment_webhook.go:352.3,355.172 2 7
github.com/seldonio/seldon-core/operator/apis/machinelearning.seldon.io/v1/seldondeployment_webhook.go:359.3,359.32 1 7
github.com/seldonio/seldon-core/operator/apis/machinelearning.seldon.io/v1/seldondeployment_webhook.go:349.24,351.4 1 0
github.com/seldonio/seldon-core/operator/apis/machinelearning.seldon.io/v1/seldondeployment_webhook.go:355.172,357.4 1 1
github.com/seldonio/seldon-core/operator/apis/machinelearning.seldon.io/v1/seldondeployment_webhook.go:359.32,363.18 2 6
github.com/seldonio/seldon-core/operator/apis/machinelearning.seldon.io/v1/seldondeployment_webhook.go:367.4,368.11 2 6
github.com/seldonio/seldon-core/operator/apis/machinelearning.seldon.io/v1/seldondeployment_webhook.go:363.18,365.5 1 0
github.com/seldonio/seldon-core/operator/apis/machinelearning.seldon.io/v1/seldondeployment_webhook.go:368.11,370.5 1 0
github.com/seldonio/seldon-core/operator/apis/machinelearning.seldon.io/v1/seldondeployment_webhook.go:374.22,375.27 1 0
github.com/seldonio/seldon-core/operator/apis/machinelearning.seldon.io/v1/seldondeployment_webhook.go:375.27,377.4 1 0
github.com/seldonio/seldon-core/operator/apis/machinelearning.seldon.io/v1/seldondeployment_webhook.go:380.40,382.3 1 4
github.com/seldonio/seldon-core/operator/apis/machinelearning.seldon.io/v1/seldondeployment_webhook.go:387.109,390.44 3 19
github.com/seldonio/seldon-core/operator/apis/machinelearning.seldon.io/v1/seldondeployment_webhook.go:402.2,402.61 1 19
github.com/seldonio/seldon-core/operator/apis/machinelearning.seldon.io/v1/seldondeployment_webhook.go:405.2,405.69 1 19
github.com/seldonio/seldon-core/operator/apis/machinelearning.seldon.io/v1/seldondeployment_webhook.go:409.2,409.16 1 19
github.com/seldonio/seldon-core/operator/apis/machinelearning.seldon.io/v1/seldondeployment_webhook.go:390.44,394.23 3 22
github.com/seldonio/seldon-core/operator/apis/machinelearning.seldon.io/v1/seldondeployment_webhook.go:394.23,396.19 2 3
github.com/seldonio/seldon-core/operator/apis/machinelearning.seldon.io/v1/seldondeployment_webhook.go:396.19,398.5 1 1
github.com/seldonio/seldon-core/operator/apis/machinelearning.seldon.io/v1/seldondeployment_webhook.go:402.61,404.3 1 1
github.com/seldonio/seldon-core/operator/apis/machinelearning.seldon.io/v1/seldondeployment_webhook.go:405.69,407.3 1 0
github.com/seldonio/seldon-core/operator/apis/machinelearning.seldon.io/v1/seldondeployment_webhook.go:412.41,414.35 2 2
github.com/seldonio/seldon-core/operator/apis/machinelearning.seldon.io/v1/seldondeployment_webhook.go:417.2,417.18 1 2
github.com/seldonio/seldon-core/operator/apis/machinelearning.seldon.io/v1/seldondeployment_webhook.go:414.35,416.3 1 1
github.com/seldonio/seldon-core/operator/apis/machinelearning.seldon.io/v1/seldondeployment_webhook.go:420.83,421.50 1 26
github.com/seldonio/seldon-core/operator/apis/machinelearning.seldon.io/v1/seldondeployment_webhook.go:424.2,424.32 1 26
github.com/seldonio/seldon-core/operator/apis/machinelearning.seldon.io/v1/seldondeployment_webhook.go:421.50,423.3 1 3
github.com/seldonio/seldon-core/operator/apis/machinelearning.seldon.io/v1/seldondeployment_webhook.go:424.32,426.3 1 4
github.com/seldonio/seldon-core/operator/apis/machinelearning.seldon.io/v1/seldondeployment_webhook.go:435.87,436.33 1 19
github.com/seldonio/seldon-core/operator/apis/machinelearning.seldon.io/v1/seldondeployment_webhook.go:456.2,456.16 1 19
github.com/seldonio/seldon-core/operator/apis/machinelearning.seldon.io/v1/seldondeployment_webhook.go:436.33,437.34 1 0
github.com/seldonio/seldon-core/operator/apis/machinelearning.seldon.io/v1/seldondeployment_webhook.go:437.34,438.35 1 0
github.com/seldonio/seldon-core/operator/apis/machinelearning.seldon.io/v1/seldondeployment_webhook.go:438.35,441.5 2 0
github.com/seldonio/seldon-core/operator/apis/machinelearning.seldon.io/v1/seldondeployment_webhook.go:441.10,443.43 2 0
github.com/seldonio/seldon-core/operator/apis/machinelearning.seldon.io/v1/seldondeployment_webhook.go:449.5,449.18 1 0
github.com/seldonio/seldon-core/operator/apis/machinelearning.seldon.io/v1/seldondeployment_webhook.go:443.43,444.22 1 0
github.com/seldonio/seldon-core/operator/apis/machinelearning.seldon.io/v1/seldondeployment_webhook.go:445.75,446.24 1 0
github.com/seldonio/seldon-core/operator/apis/machinelearning.seldon.io/v1/seldondeployment_webhook.go:449.18,452.6 2 0
github.com/seldonio/seldon-core/operator/apis/machinelearning.seldon.io/v1/seldondeployment_webhook.go:459.88,460.54 1 19
github.com/seldonio/seldon-core/operator/apis/machinelearning.seldon.io/v1/seldondeployment_webhook.go:464.2,464.16 1 19
github.com/seldonio/seldon-core/operator/apis/machinelearning.seldon.io/v1/seldondeployment_webhook.go:460.54,463.3 2 1
github.com/seldonio/seldon-core/operator/apis/machinelearning.seldon.io/v1/seldondeployment_webhook.go:467.65,470.128 2 19
github.com/seldonio/seldon-core/operator/apis/machinelearning.seldon.io/v1/seldondeployment_webhook.go:475.2,475.90 1 19
github.com/seldonio/seldon-core/operator/apis/machinelearning.seldon.io/v1/seldondeployment_webhook.go:480.2,480.87 1 19
github.com/seldonio/seldon-core/operator/apis/machinelearning.seldon.io/v1/seldondeployment_webhook.go:485.2,490.28 4 19
github.com/seldonio/seldon-core/operator/apis/machinelearning.seldon.io/v1/seldondeployment_webhook.go:495.2,496.33 2 19
github.com/seldonio/seldon-core/operator/apis/machinelearning.seldon.io/v1/seldondeployment_webhook.go:515.2,515.25 1 19
github.com/seldonio/seldon-core/operator/apis/machinelearning.seldon.io/v1/seldondeployment_webhook.go:527.2,529.23 2 19
github.com/seldonio/seldon-core/operator/apis/machinelearning.seldon.io/v1/seldondeployment_webhook.go:533.2,535.19 1 14
github.com/seldonio/seldon-core/operator/apis/machinelearning.seldon.io/v1/seldondeployment_webhook.go:470.128,473.3 2 1
github.com/seldonio/seldon-core/operator/apis/machinelearning.seldon.io/v1/seldondeployment_webhook.go:475.90,478.3 2 1
github.com/seldonio/seldon-core/operator/apis/machinelearning.seldon.io/v1/seldondeployment_webhook.go:480.87,483.3 2 1
github.com/seldonio/seldon-core/operator/apis/machinelearning.seldon.io/v1/seldondeployment_webhook.go:490.28,493.3 2 1
github.com/seldonio/seldon-core/operator/apis/machinelearning.seldon.io/v1/seldondeployment_webhook.go:496.33,501.44 3 22
github.com/seldonio/seldon-core/operator/apis/machinelearning.seldon.io/v1/seldondeployment_webhook.go:506.3,506.52 1 22
github.com/seldonio/seldon-core/operator/apis/machinelearning.seldon.io/v1/seldondeployment_webhook.go:510.3,512.125 2 22
github.com/seldonio/seldon-core/operator/apis/machinelearning.seldon.io/v1/seldondeployment_webhook.go:501.44,504.4 2 1
github.com/seldonio/seldon-core/operator/apis/machinelearning.seldon.io/v1/seldondeployment_webhook.go:506.52,509.4 2 3
github.com/seldonio/seldon-core/operator/apis/machinelearning.seldon.io/v1/seldondeployment_webhook.go:515.25,518.3 2 1
github.com/seldonio/seldon-core/operator/apis/machinelearning.seldon.io/v1/seldondeployment_webhook.go:518.8,518.54 1 18
github.com/seldonio/seldon-core/operator/apis/machinelearning.seldon.io/v1/seldondeployment_webhook.go:518.54,519.29 1 1
github.com/seldonio/seldon-core/operator/apis/machinelearning.seldon.io/v1/seldondeployment_webhook.go:519.29,520.98 1 1
github.com/seldonio/seldon-core/operator/apis/machinelearning.seldon.io/v1/seldondeployment_webhook.go:520.98,523.5 2 1
github.com/seldonio/seldon-core/operator/apis/machinelearning.seldon.io/v1/seldondeployment_webhook.go:529.23,531.3 1 5
github.com/seldonio/seldon-core/operator/apis/machinelearning.seldon.io/v1/seldondeployment_webhook.go:546.38,549.34 2 0
github.com/seldonio/seldon-core/operator/apis/machinelearning.seldon.io/v1/seldondeployment_webhook.go:552.2,552.64 1 0
github.com/seldonio/seldon-core/operator/apis/machinelearning.seldon.io/v1/seldondeployment_webhook.go:549.34,551.3 1 0
github.com/seldonio/seldon-core/operator/apis/machinelearning.seldon.io/v1/seldondeployment_webhook.go:561.51,565.2 2 0
github.com/seldonio/seldon-core/operator/apis/machinelearning.seldon.io/v1/seldondeployment_webhook.go:568.69,572.2 2 0
github.com/seldonio/seldon-core/operator/apis/machinelearning.seldon.io/v1/seldondeployment_webhook.go:575.51,580.2 2 0
github.com/seldonio/seldon-core/operator/apis/machinelearning.seldon.io/v1/zz_generated.deepcopy.go:32.65,34.2 1 0
github.com/seldonio/seldon-core/operator/apis/machinelearning.seldon.io/v1/zz_generated.deepcopy.go:37.58,38.15 1 0
github.com/seldonio/seldon-core/operator/apis/machinelearning.seldon.io/v1/zz_generated.deepcopy.go:41.2,43.12 3 0
github.com/seldonio/seldon-core/operator/apis/machinelearning.seldon.io/v1/zz_generated.deepcopy.go:38.15,40.3 1 0
github.com/seldonio/seldon-core/operator/apis/machinelearning.seldon.io/v1/zz_generated.deepcopy.go:47.49,49.2 1 0
github.com/seldonio/seldon-core/operator/apis/machinelearning.seldon.io/v1/zz_generated.deepcopy.go:52.42,53.15 1 0
github.com/seldonio/seldon-core/operator/apis/machinelearning.seldon.io/v1/zz_generated.deepcopy.go:56.2,58.12 3 0
github.com/seldonio/seldon-core/operator/apis/machinelearning.seldon.io/v1/zz_generated.deepcopy.go:53.15,55.3 1 0
github.com/seldonio/seldon-core/operator/apis/machinelearning.seldon.io/v1/zz_generated.deepcopy.go:62.51,65.22 3 0
github.com/seldonio/seldon-core/operator/apis/machinelearning.seldon.io/v1/zz_generated.deepcopy.go:72.2,72.24 1 0
github.com/seldonio/seldon-core/operator/apis/machinelearning.seldon.io/v1/zz_generated.deepcopy.go:65.22,68.29 3 0
github.com/seldonio/seldon-core/operator/apis/machinelearning.seldon.io/v1/zz_generated.deepcopy.go:68.29,70.4 1 0
github.com/seldonio/seldon-core/operator/apis/machinelearning.seldon.io/v1/zz_generated.deepcopy.go:72.24,76.3 3 0
github.com/seldonio/seldon-core/operator/apis/machinelearning.seldon.io/v1/zz_generated.deepcopy.go:80.44,81.15 1 0
github.com/seldonio/seldon-core/operator/apis/machinelearning.seldon.io/v1/zz_generated.deepcopy.go:84.2,86.12 3 0
github.com/seldonio/seldon-core/operator/apis/machinelearning.seldon.io/v1/zz_generated.deepcopy.go:81.15,83.3 1 0
github.com/seldonio/seldon-core/operator/apis/machinelearning.seldon.io/v1/zz_generated.deepcopy.go:90.45,92.19 2 0
github.com/seldonio/seldon-core/operator/apis/machinelearning.seldon.io/v1/zz_generated.deepcopy.go:92.19,96.3 3 0
github.com/seldonio/seldon-core/operator/apis/machinelearning.seldon.io/v1/zz_generated.deepcopy.go:100.38,101.15 1 0
github.com/seldonio/seldon-core/operator/apis/machinelearning.seldon.io/v1/zz_generated.deepcopy.go:104.2,106.12 3 0
github.com/seldonio/seldon-core/operator/apis/machinelearning.seldon.io/v1/zz_generated.deepcopy.go:101.15,103.3 1 0
github.com/seldonio/seldon-core/operator/apis/machinelearning.seldon.io/v1/zz_generated.deepcopy.go:110.51,112.2 1 0
github.com/seldonio/seldon-core/operator/apis/machinelearning.seldon.io/v1/zz_generated.deepcopy.go:115.44,116.15 1 0
github.com/seldonio/seldon-core/operator/apis/machinelearning.seldon.io/v1/zz_generated.deepcopy.go:119.2,121.12 3 0
github.com/seldonio/seldon-core/operator/apis/machinelearning.seldon.io/v1/zz_generated.deepcopy.go:116.15,118.3 1 0
github.com/seldonio/seldon-core/operator/apis/machinelearning.seldon.io/v1/zz_generated.deepcopy.go:125.61,127.24 2 0
github.com/seldonio/seldon-core/operator/apis/machinelearning.seldon.io/v1/zz_generated.deepcopy.go:134.2,134.20 1 0
github.com/seldonio/seldon-core/operator/apis/machinelearning.seldon.io/v1/zz_generated.deepcopy.go:139.2,139.30 1 0
github.com/seldonio/seldon-core/operator/apis/machinelearning.seldon.io/v1/zz_generated.deepcopy.go:144.2,144.23 1 0
github.com/seldonio/seldon-core/operator/apis/machinelearning.seldon.io/v1/zz_generated.deepcopy.go:153.2,153.24 1 0
github.com/seldonio/seldon-core/operator/apis/machinelearning.seldon.io/v1/zz_generated.deepcopy.go:158.2,158.26 1 0
github.com/seldonio/seldon-core/operator/apis/machinelearning.seldon.io/v1/zz_generated.deepcopy.go:163.2,163.22 1 0
github.com/seldonio/seldon-core/operator/apis/machinelearning.seldon.io/v1/zz_generated.deepcopy.go:127.24,130.22 3 0
github.com/seldonio/seldon-core/operator/apis/machinelearning.seldon.io/v1/zz_generated.deepcopy.go:130.22,132.4 1 0
github.com/seldonio/seldon-core/operator/apis/machinelearning.seldon.io/v1/zz_generated.deepcopy.go:134.20,138.3 3 0
github.com/seldonio/seldon-core/operator/apis/machinelearning.seldon.io/v1/zz_generated.deepcopy.go:139.30,143.3 3 0
github.com/seldonio/seldon-core/operator/apis/machinelearning.seldon.io/v1/zz_generated.deepcopy.go:144.23,147.18 3 0
github.com/seldonio/seldon-core/operator/apis/machinelearning.seldon.io/v1/zz_generated.deepcopy.go:147.18,151.4 3 0
github.com/seldonio/seldon-core/operator/apis/machinelearning.seldon.io/v1/zz_generated.deepcopy.go:153.24,157.3 3 0
github.com/seldonio/seldon-core/operator/apis/machinelearning.seldon.io/v1/zz_generated.deepcopy.go:158.26,162.3 3 0
github.com/seldonio/seldon-core/operator/apis/machinelearning.seldon.io/v1/zz_generated.deepcopy.go:163.22,167.3 3 0
github.com/seldonio/seldon-core/operator/apis/machinelearning.seldon.io/v1/zz_generated.deepcopy.go:171.54,172.15 1 0
github.com/seldonio/seldon-core/operator/apis/machinelearning.seldon.io/v1/zz_generated.deepcopy.go:175.2,177.12 3 0
github.com/seldonio/seldon-core/operator/apis/machinelearning.seldon.io/v1/zz_generated.deepcopy.go:172.15,174.3 1 0
github.com/seldonio/seldon-core/operator/apis/machinelearning.seldon.io/v1/zz_generated.deepcopy.go:181.73,183.2 1 0
github.com/seldonio/seldon-core/operator/apis/machinelearning.seldon.io/v1/zz_generated.deepcopy.go:186.66,187.15 1 0
github.com/seldonio/seldon-core/operator/apis/machinelearning.seldon.io/v1/zz_generated.deepcopy.go:190.2,192.12 3 0
github.com/seldonio/seldon-core/operator/apis/machinelearning.seldon.io/v1/zz_generated.deepcopy.go:187.15,189.3 1 0
github.com/seldonio/seldon-core/operator/apis/machinelearning.seldon.io/v1/zz_generated.deepcopy.go:196.81,198.22 2 0
github.com/seldonio/seldon-core/operator/apis/machinelearning.seldon.io/v1/zz_generated.deepcopy.go:203.2,203.25 1 0
github.com/seldonio/seldon-core/operator/apis/machinelearning.seldon.io/v1/zz_generated.deepcopy.go:208.2,208.26 1 0
github.com/seldonio/seldon-core/operator/apis/machinelearning.seldon.io/v1/zz_generated.deepcopy.go:198.22,202.3 3 0
github.com/seldonio/seldon-core/operator/apis/machinelearning.seldon.io/v1/zz_generated.deepcopy.go:203.25,207.3 3 0
github.com/seldonio/seldon-core/operator/apis/machinelearning.seldon.io/v1/zz_generated.deepcopy.go:208.26,212.3 3 0
github.com/seldonio/seldon-core/operator/apis/machinelearning.seldon.io/v1/zz_generated.deepcopy.go:216.74,217.15 1 0
github.com/seldonio/seldon-core/operator/apis/machinelearning.seldon.io/v1/zz_generated.deepcopy.go:220.2,222.12 3 0
github.com/seldonio/seldon-core/operator/apis/machinelearning.seldon.io/v1/zz_generated.deepcopy.go:217.15,219.3 1 0
github.com/seldonio/seldon-core/operator/apis/machinelearning.seldon.io/v1/zz_generated.deepcopy.go:226.75,228.25 2 0
github.com/seldonio/seldon-core/operator/apis/machinelearning.seldon.io/v1/zz_generated.deepcopy.go:228.25,231.29 3 0
github.com/seldonio/seldon-core/operator/apis/machinelearning.seldon.io/v1/zz_generated.deepcopy.go:231.29,233.4 1 0
github.com/seldonio/seldon-core/operator/apis/machinelearning.seldon.io/v1/zz_generated.deepcopy.go:238.68,239.15 1 0
github.com/seldonio/seldon-core/operator/apis/machinelearning.seldon.io/v1/zz_generated.deepcopy.go:242.2,244.12 3 0
github.com/seldonio/seldon-core/operator/apis/machinelearning.seldon.io/v1/zz_generated.deepcopy.go:239.15,241.3 1 0
github.com/seldonio/seldon-core/operator/apis/machinelearning.seldon.io/v1/zz_generated.deepcopy.go:248.59,251.30 3 0
github.com/seldonio/seldon-core/operator/apis/machinelearning.seldon.io/v1/zz_generated.deepcopy.go:262.2,262.24 1 0
github.com/seldonio/seldon-core/operator/apis/machinelearning.seldon.io/v1/zz_generated.deepcopy.go:267.2,267.27 1 0
github.com/seldonio/seldon-core/operator/apis/machinelearning.seldon.io/v1/zz_generated.deepcopy.go:274.2,275.22 2 0
github.com/seldonio/seldon-core/operator/apis/machinelearning.seldon.io/v1/zz_generated.deepcopy.go:282.2,283.25 2 0
github.com/seldonio/seldon-core/operator/apis/machinelearning.seldon.io/v1/zz_generated.deepcopy.go:288.2,288.19 1 0
github.com/seldonio/seldon-core/operator/apis/machinelearning.seldon.io/v1/zz_generated.deepcopy.go:251.30,254.22 3 0
github.com/seldonio/seldon-core/operator/apis/machinelearning.seldon.io/v1/zz_generated.deepcopy.go:254.22,255.23 1 0
github.com/seldonio/seldon-core/operator/apis/machinelearning.seldon.io/v1/zz_generated.deepcopy.go:255.23,259.5 3 0
github.com/seldonio/seldon-core/operator/apis/machinelearning.seldon.io/v1/zz_generated.deepcopy.go:262.24,266.3 3 0
github.com/seldonio/seldon-core/operator/apis/machinelearning.seldon.io/v1/zz_generated.deepcopy.go:267.27,270.29 3 0
github.com/seldonio/seldon-core/operator/apis/machinelearning.seldon.io/v1/zz_generated.deepcopy.go:270.29,272.4 1 0
github.com/seldonio/seldon-core/operator/apis/machinelearning.seldon.io/v1/zz_generated.deepcopy.go:275.22,278.29 3 0
github.com/seldonio/seldon-core/operator/apis/machinelearning.seldon.io/v1/zz_generated.deepcopy.go:278.29,280.4 1 0
github.com/seldonio/seldon-core/operator/apis/machinelearning.seldon.io/v1/zz_generated.deepcopy.go:283.25,287.3 3 0
github.com/seldonio/seldon-core/operator/apis/machinelearning.seldon.io/v1/zz_generated.deepcopy.go:288.19,292.3 3 0
github.com/seldonio/seldon-core/operator/apis/machinelearning.seldon.io/v1/zz_generated.deepcopy.go:296.52,297.15 1 0
github.com/seldonio/seldon-core/operator/apis/machinelearning.seldon.io/v1/zz_generated.deepcopy.go:300.2,302.12 3 0
github.com/seldonio/seldon-core/operator/apis/machinelearning.seldon.io/v1/zz_generated.deepcopy.go:297.15,299.3 1 0
github.com/seldonio/seldon-core/operator/apis/machinelearning.seldon.io/v1/zz_generated.deepcopy.go:306.39,308.2 1 0
github.com/seldonio/seldon-core/operator/apis/machinelearning.seldon.io/v1/zz_generated.deepcopy.go:311.32,312.15 1 0
github.com/seldonio/seldon-core/operator/apis/machinelearning.seldon.io/v1/zz_generated.deepcopy.go:315.2,317.12 3 0
github.com/seldonio/seldon-core/operator/apis/machinelearning.seldon.io/v1/zz_generated.deepcopy.go:312.15,314.3 1 0
github.com/seldonio/seldon-core/operator/apis/machinelearning.seldon.io/v1/zz_generated.deepcopy.go:321.67,323.2 1 0
github.com/seldonio/seldon-core/operator/apis/machinelearning.seldon.io/v1/zz_generated.deepcopy.go:326.60,327.15 1 0
github.com/seldonio/seldon-core/operator/apis/machinelearning.seldon.io/v1/zz_generated.deepcopy.go:330.2,332.12 3 0
github.com/seldonio/seldon-core/operator/apis/machinelearning.seldon.io/v1/zz_generated.deepcopy.go:327.15,329.3 1 0
github.com/seldonio/seldon-core/operator/apis/machinelearning.seldon.io/v1/zz_generated.deepcopy.go:336.65,342.2 5 0
github.com/seldonio/seldon-core/operator/apis/machinelearning.seldon.io/v1/zz_generated.deepcopy.go:345.58,346.15 1 0
github.com/seldonio/seldon-core/operator/apis/machinelearning.seldon.io/v1/zz_generated.deepcopy.go:349.2,351.12 3 0
github.com/seldonio/seldon-core/operator/apis/machinelearning.seldon.io/v1/zz_generated.deepcopy.go:346.15,348.3 1 0
github.com/seldonio/seldon-core/operator/apis/machinelearning.seldon.io/v1/zz_generated.deepcopy.go:355.61,356.34 1 0
github.com/seldonio/seldon-core/operator/apis/machinelearning.seldon.io/v1/zz_generated.deepcopy.go:359.2,359.12 1 0
github.com/seldonio/seldon-core/operator/apis/machinelearning.seldon.io/v1/zz_generated.deepcopy.go:356.34,358.3 1 0
github.com/seldonio/seldon-core/operator/apis/machinelearning.seldon.io/v1/zz_generated.deepcopy.go:363.73,367.21 4 0
github.com/seldonio/seldon-core/operator/apis/machinelearning.seldon.io/v1/zz_generated.deepcopy.go:367.21,370.22 3 0
github.com/seldonio/seldon-core/operator/apis/machinelearning.seldon.io/v1/zz_generated.deepcopy.go:370.22,372.4 1 0
github.com/seldonio/seldon-core/operator/apis/machinelearning.seldon.io/v1/zz_generated.deepcopy.go:377.66,378.15 1 0
github.com/seldonio/seldon-core/operator/apis/machinelearning.seldon.io/v1/zz_generated.deepcopy.go:381.2,383.12 3 0
github.com/seldonio/seldon-core/operator/apis/machinelearning.seldon.io/v1/zz_generated.deepcopy.go:378.15,380.3 1 0
github.com/seldonio/seldon-core/operator/apis/machinelearning.seldon.io/v1/zz_generated.deepcopy.go:387.65,388.34 1 0
github.com/seldonio/seldon-core/operator/apis/machinelearning.seldon.io/v1/zz_generated.deepcopy.go:391.2,391.12 1 0
github.com/seldonio/seldon-core/operator/apis/machinelearning.seldon.io/v1/zz_generated.deepcopy.go:388.34,390.3 1 0
github.com/seldonio/seldon-core/operator/apis/machinelearning.seldon.io/v1/zz_generated.deepcopy.go:395.73,397.26 2 0
github.com/seldonio/seldon-core/operator/apis/machinelearning.seldon.io/v1/zz_generated.deepcopy.go:404.2,404.27 1 0
github.com/seldonio/seldon-core/operator/apis/machinelearning.seldon.io/v1/zz_generated.deepcopy.go:411.2,411.24 1 0
github.com/seldonio/seldon-core/operator/apis/machinelearning.seldon.io/v1/zz_generated.deepcopy.go:397.26,400.22 3 0
github.com/seldonio/seldon-core/operator/apis/machinelearning.seldon.io/v1/zz_generated.deepcopy.go:400.22,402.4 1 0
github.com/seldonio/seldon-core/operator/apis/machinelearning.seldon.io/v1/zz_generated.deepcopy.go:404.27,407.29 3 0
github.com/seldonio/seldon-core/operator/apis/machinelearning.seldon.io/v1/zz_generated.deepcopy.go:407.29,409.4 1 0
github.com/seldonio/seldon-core/operator/apis/machinelearning.seldon.io/v1/zz_generated.deepcopy.go:411.24,415.3 3 0
github.com/seldonio/seldon-core/operator/apis/machinelearning.seldon.io/v1/zz_generated.deepcopy.go:419.66,420.15 1 0
github.com/seldonio/seldon-core/operator/apis/machinelearning.seldon.io/v1/zz_generated.deepcopy.go:423.2,425.12 3 0
github.com/seldonio/seldon-core/operator/apis/machinelearning.seldon.io/v1/zz_generated.deepcopy.go:420.15,422.3 1 0
github.com/seldonio/seldon-core/operator/apis/machinelearning.seldon.io/v1/zz_generated.deepcopy.go:429.77,431.32 2 0
github.com/seldonio/seldon-core/operator/apis/machinelearning.seldon.io/v1/zz_generated.deepcopy.go:438.2,438.29 1 0
github.com/seldonio/seldon-core/operator/apis/machinelearning.seldon.io/v1/zz_generated.deepcopy.go:445.2,445.23 1 0
github.com/seldonio/seldon-core/operator/apis/machinelearning.seldon.io/v1/zz_generated.deepcopy.go:431.32,434.29 3 0
github.com/seldonio/seldon-core/operator/apis/machinelearning.seldon.io/v1/zz_generated.deepcopy.go:434.29,436.4 1 0
github.com/seldonio/seldon-core/operator/apis/machinelearning.seldon.io/v1/zz_generated.deepcopy.go:438.29,441.29 3 0
github.com/seldonio/seldon-core/operator/apis/machinelearning.seldon.io/v1/zz_generated.deepcopy.go:441.29,443.4 1 0
github.com/seldonio/seldon-core/operator/apis/machinelearning.seldon.io/v1/zz_generated.deepcopy.go:445.23,449.3 3 0
github.com/seldonio/seldon-core/operator/apis/machinelearning.seldon.io/v1/zz_generated.deepcopy.go:453.70,454.15 1 0
github.com/seldonio/seldon-core/operator/apis/machinelearning.seldon.io/v1/zz_generated.deepcopy.go:457.2,459.12 3 0
github.com/seldonio/seldon-core/operator/apis/machinelearning.seldon.io/v1/zz_generated.deepcopy.go:454.15,456.3 1 0
github.com/seldonio/seldon-core/operator/apis/machinelearning.seldon.io/v1/zz_generated.deepcopy.go:463.59,465.27 2 0
github.com/seldonio/seldon-core/operator/apis/machinelearning.seldon.io/v1/zz_generated.deepcopy.go:470.2,470.23 1 0
github.com/seldonio/seldon-core/operator/apis/machinelearning.seldon.io/v1/zz_generated.deepcopy.go:465.27,469.3 3 0
github.com/seldonio/seldon-core/operator/apis/machinelearning.seldon.io/v1/zz_generated.deepcopy.go:470.23,473.22 3 0
github.com/seldonio/seldon-core/operator/apis/machinelearning.seldon.io/v1/zz_generated.deepcopy.go:473.22,475.4 1 0
github.com/seldonio/seldon-core/operator/apis/machinelearning.seldon.io/v1/zz_generated.deepcopy.go:480.52,481.15 1 0
github.com/seldonio/seldon-core/operator/apis/machinelearning.seldon.io/v1/zz_generated.deepcopy.go:484.2,486.12 3 0
github.com/seldonio/seldon-core/operator/apis/machinelearning.seldon.io/v1/zz_generated.deepcopy.go:481.15,483.3 1 0
github.com/seldonio/seldon-core/operator/apis/machinelearning.seldon.io/v1/zz_generated.deepcopy.go:490.59,492.28 2 0
github.com/seldonio/seldon-core/operator/apis/machinelearning.seldon.io/v1/zz_generated.deepcopy.go:497.2,497.30 1 0
github.com/seldonio/seldon-core/operator/apis/machinelearning.seldon.io/v1/zz_generated.deepcopy.go:492.28,496.3 3 0
github.com/seldonio/seldon-core/operator/apis/machinelearning.seldon.io/v1/zz_generated.deepcopy.go:497.30,501.3 3 0
github.com/seldonio/seldon-core/operator/apis/machinelearning.seldon.io/v1/zz_generated.deepcopy.go:505.52,506.15 1 0
github.com/seldonio/seldon-core/operator/apis/machinelearning.seldon.io/v1/zz_generated.deepcopy.go:509.2,511.12 3 0
github.com/seldonio/seldon-core/operator/apis/machinelearning.seldon.io/v1/zz_generated.deepcopy.go:506.15,508.3 1 0
github.com/seldonio/seldon-core/operator/apis/machinelearning.seldon.io/v1/zz_generated.deepcopy.go:515.59,519.23 4 0
github.com/seldonio/seldon-core/operator/apis/machinelearning.seldon.io/v1/zz_generated.deepcopy.go:524.2,524.24 1 0
github.com/seldonio/seldon-core/operator/apis/machinelearning.seldon.io/v1/zz_generated.deepcopy.go:529.2,529.24 1 0
github.com/seldonio/seldon-core/operator/apis/machinelearning.seldon.io/v1/zz_generated.deepcopy.go:534.2,534.23 1 0
github.com/seldonio/seldon-core/operator/apis/machinelearning.seldon.io/v1/zz_generated.deepcopy.go:519.23,523.3 3 0
github.com/seldonio/seldon-core/operator/apis/machinelearning.seldon.io/v1/zz_generated.deepcopy.go:524.24,528.3 3 0
github.com/seldonio/seldon-core/operator/apis/machinelearning.seldon.io/v1/zz_generated.deepcopy.go:529.24,533.3 3 0
github.com/seldonio/seldon-core/operator/apis/machinelearning.seldon.io/v1/zz_generated.deepcopy.go:534.23,538.3 3 0
github.com/seldonio/seldon-core/operator/apis/machinelearning.seldon.io/v1/zz_generated.deepcopy.go:542.52,543.15 1 0
github.com/seldonio/seldon-core/operator/apis/machinelearning.seldon.io/v1/zz_generated.deepcopy.go:546.2,548.12 3 0
github.com/seldonio/seldon-core/operator/apis/machinelearning.seldon.io/v1/zz_generated.deepcopy.go:543.15,545.3 1 0
github.com/seldonio/seldon-core/operator/apis/machinelearning.seldon.io/v1/zz_generated.deepcopy.go:552.77,554.31 2 0
github.com/seldonio/seldon-core/operator/apis/machinelearning.seldon.io/v1/zz_generated.deepcopy.go:559.2,559.30 1 0
github.com/seldonio/seldon-core/operator/apis/machinelearning.seldon.io/v1/zz_generated.deepcopy.go:564.2,564.31 1 0
github.com/seldonio/seldon-core/operator/apis/machinelearning.seldon.io/v1/zz_generated.deepcopy.go:569.2,569.31 1 0
github.com/seldonio/seldon-core/operator/apis/machinelearning.seldon.io/v1/zz_generated.deepcopy.go:574.2,574.24 1 0
github.com/seldonio/seldon-core/operator/apis/machinelearning.seldon.io/v1/zz_generated.deepcopy.go:579.2,579.24 1 0
github.com/seldonio/seldon-core/operator/apis/machinelearning.seldon.io/v1/zz_generated.deepcopy.go:554.31,558.3 3 0
github.com/seldonio/seldon-core/operator/apis/machinelearning.seldon.io/v1/zz_generated.deepcopy.go:559.30,563.3 3 0
github.com/seldonio/seldon-core/operator/apis/machinelearning.seldon.io/v1/zz_generated.deepcopy.go:564.31,568.3 3 0
github.com/seldonio/seldon-core/operator/apis/machinelearning.seldon.io/v1/zz_generated.deepcopy.go:569.31,573.3 3 0
github.com/seldonio/seldon-core/operator/apis/machinelearning.seldon.io/v1/zz_generated.deepcopy.go:574.24,578.3 3 0
github.com/seldonio/seldon-core/operator/apis/machinelearning.seldon.io/v1/zz_generated.deepcopy.go:579.24,582.22 3 0
github.com/seldonio/seldon-core/operator/apis/machinelearning.seldon.io/v1/zz_generated.deepcopy.go:582.22,584.4 1 0
github.com/seldonio/seldon-core/operator/apis/machinelearning.seldon.io/v1/zz_generated.deepcopy.go:589.70,590.15 1 0
github.com/seldonio/seldon-core/operator/apis/machinelearning.seldon.io/v1/zz_generated.deepcopy.go:593.2,595.12 3 0
github.com/seldonio/seldon-core/operator/apis/machinelearning.seldon.io/v1/zz_generated.deepcopy.go:590.15,592.3 1 0
github.com/seldonio/seldon-core/operator/apis/machinelearning.seldon.io/v1/zz_generated.deepcopy.go:599.59,601.2 1 0
github.com/seldonio/seldon-core/operator/apis/machinelearning.seldon.io/v1/zz_generated.deepcopy.go:604.52,605.15 1 0
github.com/seldonio/seldon-core/operator/apis/machinelearning.seldon.io/v1/zz_generated.deepcopy.go:608.2,610.12 3 0
github.com/seldonio/seldon-core/operator/apis/machinelearning.seldon.io/v1/zz_generated.deepcopy.go:605.15,607.3 1 0
github.com/seldonio/seldon-core/operator/apis/machinelearning.seldon.io/v1/zz_generated.deepcopy.go:614.55,616.25 2 0
github.com/seldonio/seldon-core/operator/apis/machinelearning.seldon.io/v1/zz_generated.deepcopy.go:621.2,621.19 1 0
github.com/seldonio/seldon-core/operator/apis/machinelearning.seldon.io/v1/zz_generated.deepcopy.go:632.2,632.24 1 0
github.com/seldonio/seldon-core/operator/apis/machinelearning.seldon.io/v1/zz_generated.deepcopy.go:616.25,620.3 3 0
github.com/seldonio/seldon-core/operator/apis/machinelearning.seldon.io/v1/zz_generated.deepcopy.go:621.19,624.22 3 0
github.com/seldonio/seldon-core/operator/apis/machinelearning.seldon.io/v1/zz_generated.deepcopy.go:624.22,625.23 1 0
github.com/seldonio/seldon-core/operator/apis/machinelearning.seldon.io/v1/zz_generated.deepcopy.go:625.23,629.5 3 0
github.com/seldonio/seldon-core/operator/apis/machinelearning.seldon.io/v1/zz_generated.deepcopy.go:632.24,636.3 3 0
github.com/seldonio/seldon-core/operator/apis/machinelearning.seldon.io/v1/zz_generated.deepcopy.go:640.48,641.15 1 0
github.com/seldonio/seldon-core/operator/apis/machinelearning.seldon.io/v1/zz_generated.deepcopy.go:644.2,646.12 3 0
github.com/seldonio/seldon-core/operator/apis/machinelearning.seldon.io/v1/zz_generated.deepcopy.go:641.15,643.3 1 0
